<?xml version="1.0" encoding="UTF-8"?>
<!-- Generated by org.testng.reporters.JUnitReportReporter -->
<testsuite hostname="mahesh-X555LF" failures="0" tests="1" name="Test_Cases.Test1" time="18.646" errors="0" timestamp="2023-04-10T09:12:47 IST" skipped="0">
  <testcase classname="Test_Cases.Test1" name="verify_login" time="18.646"/>
  <system-out/>
</testsuite> <!-- Test_Cases.Test1 -->
