<?xml version="1.0" encoding="UTF-8"?>
<!-- Generated by org.testng.reporters.JUnitReportReporter -->
<testsuite hostname="mahesh-X555LF" failures="0" tests="1" name="Test_Cases.DummyFailtestcase" time="7.350" errors="0" timestamp="2023-04-05T20:12:20 IST" skipped="0">
  <testcase classname="Test_Cases.DummyFailtestcase" name="verify_login" time="7.350"/>
  <system-out/>
</testsuite> <!-- Test_Cases.DummyFailtestcase -->
