<?xml version="1.0" encoding="UTF-8"?>
<!-- Generated by org.testng.reporters.JUnitReportReporter -->
<testsuite hostname="mahesh-X555LF" failures="0" tests="1" name="Test_Cases.test_4" time="7.180" errors="0" timestamp="2023-04-05T20:12:20 IST" skipped="0">
  <testcase classname="Test_Cases.test_4" name="Verify_ListOfElements" time="7.180"/>
  <system-out/>
</testsuite> <!-- Test_Cases.test_4 -->
